0 info it worked if it ends with ok
1 verbose cli [ '/usr/bin/node',
1 verbose cli   '/usr/bin/npm',
1 verbose cli   'install',
1 verbose cli   '-g',
1 verbose cli   'coffee-script' ]
2 info using npm@1.4.28
3 info using node@v0.10.37
4 verbose node symlink /usr/bin/node
5 verbose cache add [ 'coffee-script', null ]
6 verbose cache add name=undefined spec="coffee-script" args=["coffee-script",null]
7 verbose parsed url { protocol: null,
7 verbose parsed url   slashes: null,
7 verbose parsed url   auth: null,
7 verbose parsed url   host: null,
7 verbose parsed url   port: null,
7 verbose parsed url   hostname: null,
7 verbose parsed url   hash: null,
7 verbose parsed url   search: null,
7 verbose parsed url   query: null,
7 verbose parsed url   pathname: 'coffee-script',
7 verbose parsed url   path: 'coffee-script',
7 verbose parsed url   href: 'coffee-script' }
8 silly lockFile ab358269-coffee-script coffee-script
9 verbose lock coffee-script /home/levn/.npm/ab358269-coffee-script.lock
10 silly lockFile ab358269-coffee-script coffee-script
11 silly lockFile ab358269-coffee-script coffee-script
12 verbose addNamed [ 'coffee-script', '' ]
13 verbose addNamed [ null, '*' ]
14 silly lockFile 53951495-coffee-script coffee-script@
15 verbose lock coffee-script@ /home/levn/.npm/53951495-coffee-script.lock
16 silly addNameRange { name: 'coffee-script', range: '*', hasData: false }
17 verbose request where is /coffee-script
18 verbose request registry http://registry.npmjs.org/
19 verbose request id 9872e72f31772f83
20 verbose url raw /coffee-script
21 verbose url resolving [ 'http://registry.npmjs.org/', './coffee-script' ]
22 verbose url resolved http://registry.npmjs.org/coffee-script
23 verbose request where is http://registry.npmjs.org/coffee-script
24 info trying registry request attempt 1 at 19:56:46
25 http GET http://registry.npmjs.org/coffee-script
26 http 200 http://registry.npmjs.org/coffee-script
27 silly registry.get cb [ 200,
27 silly registry.get   { server: 'CouchDB/1.5.0 (Erlang OTP/R16B03)',
27 silly registry.get     etag: '"9FUCDNPK1HNW13C3KFYK6RLJS"',
27 silly registry.get     'content-type': 'application/json',
27 silly registry.get     'cache-control': 'max-age=60',
27 silly registry.get     'content-length': '35759',
27 silly registry.get     'accept-ranges': 'bytes',
27 silly registry.get     date: 'Sat, 21 Mar 2015 23:56:46 GMT',
27 silly registry.get     via: '1.1 varnish',
27 silly registry.get     age: '44',
27 silly registry.get     connection: 'keep-alive',
27 silly registry.get     'x-served-by': 'cache-ord1731-ORD',
27 silly registry.get     'x-cache': 'HIT',
27 silly registry.get     'x-cache-hits': '4',
27 silly registry.get     'x-timer': 'S1426982206.027216,VS0,VE0',
27 silly registry.get     vary: 'Accept' } ]
28 silly addNameRange number 2 { name: 'coffee-script', range: '*', hasData: true }
29 silly addNameRange versions [ 'coffee-script',
29 silly addNameRange   [ '0.7.0',
29 silly addNameRange     '0.7.1',
29 silly addNameRange     '0.7.2',
29 silly addNameRange     '0.9.0',
29 silly addNameRange     '0.9.1',
29 silly addNameRange     '0.9.2',
29 silly addNameRange     '0.9.3',
29 silly addNameRange     '0.9.4',
29 silly addNameRange     '0.9.5',
29 silly addNameRange     '0.9.6',
29 silly addNameRange     '1.0.0',
29 silly addNameRange     '1.0.1',
29 silly addNameRange     '1.1.0',
29 silly addNameRange     '1.1.1',
29 silly addNameRange     '1.1.2',
29 silly addNameRange     '1.1.3',
29 silly addNameRange     '1.2.0',
29 silly addNameRange     '1.3.0',
29 silly addNameRange     '1.3.1',
29 silly addNameRange     '1.3.2',
29 silly addNameRange     '1.3.3',
29 silly addNameRange     '1.4.0',
29 silly addNameRange     '1.5.0',
29 silly addNameRange     '1.6.0',
29 silly addNameRange     '1.6.1',
29 silly addNameRange     '1.6.2',
29 silly addNameRange     '1.6.3',
29 silly addNameRange     '1.7.0',
29 silly addNameRange     '1.7.1',
29 silly addNameRange     '1.8.0',
29 silly addNameRange     '1.9.0',
29 silly addNameRange     '1.9.1' ] ]
30 verbose addNamed [ 'coffee-script', '1.9.1' ]
31 verbose addNamed [ '1.9.1', '1.9.1' ]
32 silly lockFile 98732453-coffee-script-1-9-1 coffee-script@1.9.1
33 verbose lock coffee-script@1.9.1 /home/levn/.npm/98732453-coffee-script-1-9-1.lock
34 silly lockFile 0a35f740-e-script-coffee-script-1-9-1-tgz http://registry.npmjs.org/coffee-script/-/coffee-script-1.9.1.tgz
35 verbose lock http://registry.npmjs.org/coffee-script/-/coffee-script-1.9.1.tgz /home/levn/.npm/0a35f740-e-script-coffee-script-1-9-1-tgz.lock
36 verbose addRemoteTarball [ 'http://registry.npmjs.org/coffee-script/-/coffee-script-1.9.1.tgz',
36 verbose addRemoteTarball   'c458d02200f460d064a79cb6ab1ee6e2c9ca1c31' ]
37 info retry fetch attempt 1 at 19:56:47
38 verbose fetch to= /tmp/npm-16827-nM-TvxSR/registry.npmjs.org/coffee-script/-/coffee-script-1.9.1.tgz
39 http GET http://registry.npmjs.org/coffee-script/-/coffee-script-1.9.1.tgz
40 http 200 http://registry.npmjs.org/coffee-script/-/coffee-script-1.9.1.tgz
41 silly lockFile 0a35f740-e-script-coffee-script-1-9-1-tgz http://registry.npmjs.org/coffee-script/-/coffee-script-1.9.1.tgz
42 silly lockFile 0a35f740-e-script-coffee-script-1-9-1-tgz http://registry.npmjs.org/coffee-script/-/coffee-script-1.9.1.tgz
43 silly lockFile 98732453-coffee-script-1-9-1 coffee-script@1.9.1
44 silly lockFile 98732453-coffee-script-1-9-1 coffee-script@1.9.1
45 silly lockFile 53951495-coffee-script coffee-script@
46 silly lockFile 53951495-coffee-script coffee-script@
47 silly resolved [ { name: 'coffee-script',
47 silly resolved     description: 'Unfancy JavaScript',
47 silly resolved     keywords: [ 'javascript', 'language', 'coffeescript', 'compiler' ],
47 silly resolved     author: { name: 'Jeremy Ashkenas' },
47 silly resolved     version: '1.9.1',
47 silly resolved     license: 'MIT',
47 silly resolved     engines: { node: '>=0.8.0' },
47 silly resolved     directories: { lib: './lib/coffee-script' },
47 silly resolved     main: './lib/coffee-script/coffee-script',
47 silly resolved     bin: { coffee: './bin/coffee', cake: './bin/cake' },
47 silly resolved     preferGlobal: true,
47 silly resolved     scripts:
47 silly resolved      { test: 'node ./bin/cake test',
47 silly resolved        'test-harmony': 'node --harmony ./bin/cake test' },
47 silly resolved     homepage: 'http://coffeescript.org',
47 silly resolved     bugs: { url: 'https://github.com/jashkenas/coffeescript/issues' },
47 silly resolved     repository:
47 silly resolved      { type: 'git',
47 silly resolved        url: 'git://github.com/jashkenas/coffeescript.git' },
47 silly resolved     devDependencies:
47 silly resolved      { 'uglify-js': '~2.2',
47 silly resolved        jison: '>=0.2.0',
47 silly resolved        'highlight.js': '~8.0.0',
47 silly resolved        underscore: '~1.5.2',
47 silly resolved        docco: '~0.7.0' },
47 silly resolved     gitHead: '533ad8afe920b2dbf64ffb00efda45648242cc24',
47 silly resolved     _id: 'coffee-script@1.9.1',
47 silly resolved     _shasum: 'c458d02200f460d064a79cb6ab1ee6e2c9ca1c31',
47 silly resolved     _from: 'coffee-script@',
47 silly resolved     _npmVersion: '1.4.28',
47 silly resolved     _npmUser: { name: 'jashkenas', email: 'jashkenas@gmail.com' },
47 silly resolved     maintainers: [ [Object], [Object] ],
47 silly resolved     dist:
47 silly resolved      { shasum: 'c458d02200f460d064a79cb6ab1ee6e2c9ca1c31',
47 silly resolved        tarball: 'http://registry.npmjs.org/coffee-script/-/coffee-script-1.9.1.tgz' },
47 silly resolved     _resolved: 'http://registry.npmjs.org/coffee-script/-/coffee-script-1.9.1.tgz' } ]
48 info install coffee-script@1.9.1 into /usr/lib
49 info installOne coffee-script@1.9.1
50 verbose lib/node_modules/coffee-script unbuild
51 verbose tar unpack /home/levn/.npm/coffee-script/1.9.1/package.tgz
52 silly lockFile ac7c323f-r-lib-node-modules-coffee-script tar:///usr/lib/node_modules/coffee-script
53 verbose lock tar:///usr/lib/node_modules/coffee-script /home/levn/.npm/ac7c323f-r-lib-node-modules-coffee-script.lock
54 silly lockFile 0cb45ea4--coffee-script-1-9-1-package-tgz tar:///home/levn/.npm/coffee-script/1.9.1/package.tgz
55 verbose lock tar:///home/levn/.npm/coffee-script/1.9.1/package.tgz /home/levn/.npm/0cb45ea4--coffee-script-1-9-1-package-tgz.lock
56 silly gunzTarPerm modes [ '775', '664' ]
57 error Error: EACCES, mkdir '/usr/lib/node_modules/coffee-script'
57 error  { [Error: EACCES, mkdir '/usr/lib/node_modules/coffee-script']
57 error   errno: 3,
57 error   code: 'EACCES',
57 error   path: '/usr/lib/node_modules/coffee-script',
57 error   fstream_type: 'Directory',
57 error   fstream_path: '/usr/lib/node_modules/coffee-script',
57 error   fstream_class: 'DirWriter',
57 error   fstream_stack:
57 error    [ '/usr/lib/node_modules/npm/node_modules/fstream/lib/dir-writer.js:36:23',
57 error      '/usr/lib/node_modules/npm/node_modules/mkdirp/index.js:46:53',
57 error      'Object.oncomplete (fs.js:108:15)' ] }
58 error Please try running this command again as root/Administrator.
59 error System Linux 3.2.0-77-generic
60 error command "/usr/bin/node" "/usr/bin/npm" "install" "-g" "coffee-script"
61 error cwd /home/levn/pets/Hack-Pets/backend
62 error node -v v0.10.37
63 error npm -v 1.4.28
64 error path /usr/lib/node_modules/coffee-script
65 error fstream_path /usr/lib/node_modules/coffee-script
66 error fstream_type Directory
67 error fstream_class DirWriter
68 error code EACCES
69 error errno 3
70 error stack Error: EACCES, mkdir '/usr/lib/node_modules/coffee-script'
71 error fstream_stack /usr/lib/node_modules/npm/node_modules/fstream/lib/dir-writer.js:36:23
71 error fstream_stack /usr/lib/node_modules/npm/node_modules/mkdirp/index.js:46:53
71 error fstream_stack Object.oncomplete (fs.js:108:15)
72 verbose exit [ 3, true ]
